<?xml version="1.0" encoding="UTF-8"?>
<testsuite name="Lecture4ExercisesTest" tests="1" skipped="0" failures="0" errors="0" timestamp="2023-04-17T17:31:49" hostname="DESKTOP-541PK6S" time="0.013">
  <properties/>
  <testcase name="factorialSimple1()" classname="Lecture4ExercisesTest" time="0.013"/>
  <system-out><![CDATA[]]></system-out>
  <system-err><![CDATA[]]></system-err>
</testsuite>
